[2026-03-02 20:35:14] [INFO] Logger initialised | role: strategy | run_id: 20260302_203514
[2026-03-02 20:35:14] [INFO] Strategy Phase 1 — locate & download | mode: facs | run_id: 20260302_203514
[2026-03-02 20:35:14] [INFO] STEP 1: Loading hospital list from registry
[2026-03-02 20:35:14] [INFO] Hospitals to process: 1
[2026-03-02 20:35:14] [INFO] ============================================================
[2026-03-02 20:35:14] [INFO] STEP 3: Beginning locate-and-download loop
[2026-03-02 20:35:14] [INFO] ============================================================
[2026-03-02 20:35:14] [INFO] --- Hospital 1/1: FAC 593 — Middlesex Hospital Alliance NEWBURY FOUR COUNTIES HEALTH SERV. ---
[2026-03-02 20:36:52] [INFO] FAC 593: best candidate — https://mhalliance.on.ca/about/strategic-plan (score: 5, is_pdf: FALSE)
[2026-03-02 20:36:52] [INFO] FAC 593: top candidate is an HTML landing page — scanning for embedded PDF links: https://mhalliance.on.ca/about/strategic-plan
[2026-03-02 20:36:57] [WARNING] FAC 593: landing page fetched but contains no PDF links: https://mhalliance.on.ca/about/strategic-plan
[2026-03-02 20:36:57] [ERROR] FAC 593 (Middlesex Hospital Alliance NEWBURY FOUR COUNTIES HEALTH SERV.) — FAILURE | type: no_pdf_found | No PDF located on top candidate page or in crawl results
[2026-03-02 20:36:57] [INFO] ============================================================
[2026-03-02 20:36:57] [INFO] STEP 4: Run complete
========================================================================
  RUN SUMMARY — role: strategy | run_id: 20260302_203514
========================================================================
  Attempted : 1
  Succeeded : 0
  Failed    : 1
  Skipped   : 0
  Success%  : 0%
  Total cost: $0.0000
  Elapsed   : 1.7 minutes
  Log file  : logs/strategy/run_20260302_203514.log
  Failures  : logs/strategy/failures_20260302_203514.csv
========================================================================
[2026-03-02 20:36:57] [WARNING] Success rate 0.0% is below the 80% threshold — review failure log: logs/strategy/failures_20260302_203514.csv
