[2026-03-02 15:47:54] [INFO] Logger initialised | role: strategy | run_id: 20260302_154754
[2026-03-02 15:47:54] [INFO] Strategy Phase 1 — locate & download | mode: facs | run_id: 20260302_154754
[2026-03-02 15:47:54] [INFO] STEP 1: Loading hospital list from registry
[2026-03-02 15:47:54] [INFO] Hospitals to process: 1
[2026-03-02 15:47:54] [INFO] ============================================================
[2026-03-02 15:47:54] [INFO] STEP 3: Beginning locate-and-download loop
[2026-03-02 15:47:54] [INFO] ============================================================
[2026-03-02 15:47:54] [INFO] --- Hospital 1/1: FAC 596 — Alliston Stevenson Memorial Hospital ---
[2026-03-02 15:49:45] [INFO] FAC 596: best candidate — https://www.stevensonhospital.ca/strategic-plan (score: 4, is_pdf: FALSE)
[2026-03-02 15:49:45] [WARNING] FAC 596: top candidate appears to be HTML, not a PDF — flagging for review: https://www.stevensonhospital.ca/strategic-plan
[2026-03-02 15:49:45] [ERROR] FAC 596 (Alliston Stevenson Memorial Hospital) — FAILURE | type: no_pdf_found | Top candidate is HTML; HTML extraction not yet implemented
[2026-03-02 15:49:45] [INFO] ============================================================
[2026-03-02 15:49:45] [INFO] STEP 4: Run complete
========================================================================
  RUN SUMMARY — role: strategy | run_id: 20260302_154754
========================================================================
  Attempted : 1
  Succeeded : 0
  Failed    : 1
  Skipped   : 0
  Success%  : 0%
  Total cost: $0.0000
  Elapsed   : 1.9 minutes
  Log file  : logs/strategy/run_20260302_154754.log
  Failures  : logs/strategy/failures_20260302_154754.csv
========================================================================
[2026-03-02 15:49:46] [WARNING] Success rate 0.0% is below the 80% threshold — review failure log: logs/strategy/failures_20260302_154754.csv
