[2026-03-02 20:32:13] [INFO] Logger initialised | role: strategy | run_id: 20260302_203213
[2026-03-02 20:32:13] [INFO] Strategy Phase 1 — locate & download | mode: facs | run_id: 20260302_203213
[2026-03-02 20:32:13] [INFO] STEP 1: Loading hospital list from registry
[2026-03-02 20:32:13] [INFO] Hospitals to process: 1
[2026-03-02 20:32:13] [INFO] ============================================================
[2026-03-02 20:32:13] [INFO] STEP 3: Beginning locate-and-download loop
[2026-03-02 20:32:13] [INFO] ============================================================
[2026-03-02 20:32:13] [INFO] --- Hospital 1/1: FAC 644 — Cornwall Hospital  CORNWALL HOTEL DIEU ---
[2026-03-02 20:33:28] [INFO] FAC 644: best candidate — https://www.cornwallhospital.ca/en/strategic-plan (score: 4, is_pdf: FALSE)
[2026-03-02 20:33:28] [INFO] FAC 644: top candidate is an HTML landing page — scanning for embedded PDF links: https://www.cornwallhospital.ca/en/strategic-plan
[2026-03-02 20:33:31] [INFO] FAC 644: found 1 PDF link(s) on landing page — using top: https://www.cornwallhospital.ca/uploads/CCH%20Strategic%20Plan%202022-2027_Leading%20Innovative%20Transformation.pdf
[2026-03-02 20:33:31] [INFO] FAC 644: downloading PDF to roles/strategy/outputs/pdfs/644_CORNWALL_HOSPITAL_CORNWALL_HOTEL_DIEU/644_20260302.pdf
[2026-03-02 20:33:33] [INFO] FAC 644 (Cornwall Hospital  CORNWALL HOTEL DIEU) — SUCCESS | cost: $0.0000
[2026-03-02 20:33:33] [INFO] ============================================================
[2026-03-02 20:33:33] [INFO] STEP 4: Run complete
========================================================================
  RUN SUMMARY — role: strategy | run_id: 20260302_203213
========================================================================
  Attempted : 1
  Succeeded : 1
  Failed    : 0
  Skipped   : 0
  Success%  : 100%
  Total cost: $0.0000
  Elapsed   : 1.3 minutes
  Log file  : logs/strategy/run_20260302_203213.log
  Failures  : logs/strategy/failures_20260302_203213.csv
========================================================================
